#
# A fatal error has been detected by the Java Runtime Environment:
#
#  SIGSEGV (0xb) at pc=0x0000000000000000, pid=81438, tid=0x000000000000d907
#
# JRE version: Java(TM) SE Runtime Environment (8.0_102-b14) (build 1.8.0_102-b14)
# Java VM: Java HotSpot(TM) 64-Bit Server VM (25.102-b14 mixed mode bsd-amd64 compressed oops)
# Problematic frame:
# C  0x0000000000000000
#
# Failed to write core dump. Core dumps have been disabled. To enable core dumping, try "ulimit -c unlimited" before starting Java again
#
# If you would like to submit a bug report, please visit:
#   http://bugreport.java.com/bugreport/crash.jsp
#

---------------  T H R E A D  ---------------

Current thread is native thread

siginfo: si_signo: 11 (SIGSEGV), si_code: 1 (SEGV_MAPERR), si_addr: 0x0000000000000000

Registers:
RAX=0x00000001215e3508, RBX=0x00000000000161b0, RCX=0x0000000000000010, RDX=0xfffffffffffffff0
RSP=0x0000700008c929f8, RBP=0x0000700008c92aa0, RSI=0x0000000000000000, RDI=0x00007ffd37186800
R8 =0x0000000000000200, R9 =0x00007ffd35f6d4e0, R10=0x00007ffd37059a30, R11=0xffffffffffffffb0
R12=0x00007ffd35f6d4e0, R13=0x00007ffd37186800, R14=0x00007ffd35f6d530, R15=0x0000000000000800
RIP=0x0000000000000000, EFLAGS=0x0000000000010246, ERR=0x0000000000000014
  TRAPNO=0x000000000000000e

Top of Stack: (sp=0x0000700008c929f8)
0x0000700008c929f8:   00000001215b5639 0000000000000000
0x0000700008c92a08:   0000000000000000 00007ffd3718e9b0
0x0000700008c92a18:   0000000121852010 00007ffd3718c9b0
0x0000700008c92a28:   0000020007f0c800 0000000000000004
0x0000700008c92a38:   0000000000000800 0000700000000200
0x0000700008c92a48:   00007ffd3718a9b0 00007ffd37186800
0x0000700008c92a58:   0000020000000000 fd00000070001003
0x0000700008c92a68:   000000010000037f dd65229b36ba0054
0x0000700008c92a78:   00007ffd35f69be8 00007ffd35f6d4e0
0x0000700008c92a88:   00007ffd35f69b70 00007ffd35f6d530
0x0000700008c92a98:   0000000000000200 0000700008c92ab0
0x0000700008c92aa8:   00000001215c52ef 0000700008c92b30
0x0000700008c92ab8:   000000012160bb00 00007ffd35f698b8
0x0000700008c92ac8:   00007ffd37059800 00007ffd35f69b70
0x0000700008c92ad8:   000002004ffa4026 0000700008c92c48
0x0000700008c92ae8:   00007ffd370599f8 0000020000000001
0x0000700008c92af8:   0000700008c92c30 0000700000000000
0x0000700008c92b08:   0000700008c92c30 00007ffd37059800
0x0000700008c92b18:   00007ffd35f69840 00007ffd35c64940
0x0000700008c92b28:   0000000000000200 0000700008c92b80
0x0000700008c92b38:   0000000121735364 00007ffd35c626e0
0x0000700008c92b48:   0000700008c92c48 0000000008c92c20
0x0000700008c92b58:   00007ffd37059800 0000000000000000
0x0000700008c92b68:   0000000000001fa0 00007ffd35c6495c
0x0000700008c92b78:   00007ffd37059800 0000700008c92c10
0x0000700008c92b88:   0000000121734a3a 00007ffd35c64940
0x0000700008c92b98:   0000000121734940 00007ffd37059ae8
0x0000700008c92ba8:   0000700008c92c30 00007ffd37059800
0x0000700008c92bb8:   00007ffd35f69840 0000700008c92c48
0x0000700008c92bc8:   00007ffd35c64940 0000020037059ae8
0x0000700008c92bd8:   00009fe000001fa0 dd65229b36ba0054
0x0000700008c92be8:   00007ffd35c63ae0 0000000000000200 

Instructions: (pc=0x0000000000000000)
0xffffffffffffffe0:   

Register to memory mapping:

RAX=0x00000001215e3508: PlaybackBackend+0x20 in /var/folders/33/737l57l175x_n9vtcf5_1hpr0000gn/T/libgdxnhattran/f7649394/openal.dylib at 0x000000012159a000
RBX=0x00000000000161b0 is an unknown value
RCX=0x0000000000000010 is an unknown value
RDX=0xfffffffffffffff0 is an unknown value
RSP=0x0000700008c929f8 is an unknown value
RBP=0x0000700008c92aa0 is an unknown value
RSI=0x0000000000000000 is an unknown value
RDI=0x00007ffd37186800 is an unknown value
R8 =0x0000000000000200 is an unknown value
R9 =0x00007ffd35f6d4e0 is an unknown value
R10=0x00007ffd37059a30 is an unknown value
R11=0xffffffffffffffb0 is an unknown value
R12=0x00007ffd35f6d4e0 is an unknown value
R13=0x00007ffd37186800 is an unknown value
R14=0x00007ffd35f6d530 is an unknown value
R15=0x0000000000000800 is an unknown value


Stack: [0x0000700008c13000,0x0000700008c93000],  sp=0x0000700008c929f8,  free space=510k

---------------  P R O C E S S  ---------------

VM state:not at safepoint (normal execution)

VM Mutex/Monitor currently owned by a thread: None

Heap:
 PSYoungGen      total 18944K, used 11492K [0x00000007aab00000, 0x00000007ac000000, 0x00000007c0000000)
  eden space 16384K, 54% used [0x00000007aab00000,0x00000007ab3bec08,0x00000007abb00000)
  from space 2560K, 99% used [0x00000007abd80000,0x00000007abffa7d0,0x00000007ac000000)
  to   space 2560K, 0% used [0x00000007abb00000,0x00000007abb00000,0x00000007abd80000)
 ParOldGen       total 44032K, used 4648K [0x0000000780000000, 0x0000000782b00000, 0x00000007aab00000)
  object space 44032K, 10% used [0x0000000780000000,0x000000078048a198,0x0000000782b00000)
 Metaspace       used 8911K, capacity 9095K, committed 9216K, reserved 1056768K
  class space    used 873K, capacity 952K, committed 1024K, reserved 1048576K

Card table byte_map: [0x0000000118cc3000,0x0000000118ec4000] byte_map_base: 0x00000001150c3000

Marking Bits: (ParMarkBitMap*) 0x0000000109611d20
 Begin Bits: [0x000000011901a000, 0x000000011a01a000)
 End Bits:   [0x000000011a01a000, 0x000000011b01a000)

Polling page: 0x0000000107f67000

CodeCache: size=245760Kb used=3600Kb max_used=3628Kb free=242159Kb
 bounds [0x0000000109cc3000, 0x000000010a053000, 0x0000000118cc3000]
 total_blobs=1273 nmethods=840 adapters=355
 compilation: enabled

Compilation events (10 events):
Event: 3.138 Thread 0x00007ffd3702f000 nmethod 836 0x000000010a048910 code [0x000000010a048ac0, 0x000000010a048d48]
Event: 3.138 Thread 0x00007ffd3702f000  838       3       java.util.ArrayDeque::pollFirst (42 bytes)
Event: 3.138 Thread 0x00007ffd3702f000 nmethod 838 0x000000010a048310 code [0x000000010a048480, 0x000000010a0487b0]
Event: 3.138 Thread 0x00007ffd3702f000  839       3       java.util.zip.InflaterInputStream::<init> (79 bytes)
Event: 3.139 Thread 0x00007ffd3702f000 nmethod 839 0x000000010a0476d0 code [0x000000010a0478a0, 0x000000010a047fb8]
Event: 3.272 Thread 0x00007ffd36017000 

Event: 75.625 Thread 0x00007ffd3702f000  841       3       sun.awt.AWTAutoShutdown::getInstance (4 bytes)
Event: 75.626 Thread 0x00007ffd3702f000 nmethod 841 0x000000010a047090 code [0x000000010a0471e0, 0x000000010a047310]
Event: 75.626 Thread 0x00007ffd3702f000  842   !   3       sun.awt.AWTAutoShutdown::setToolkitBusy (124 bytes)
Event: 75.630 Thread 0x00007ffd3702f000 nmethod 842 0x000000010a046190 code [0x000000010a046360, 0x000000010a046c28]

GC Heap History (4 events):
Event: 2.238 GC heap before
{Heap before GC invocations=1 (full 0):
 PSYoungGen      total 18944K, used 16161K [0x00000007aab00000, 0x00000007ac000000, 0x00000007c0000000)
  eden space 16384K, 98% used [0x00000007aab00000,0x00000007abac8760,0x00000007abb00000)
  from space 2560K, 0% used [0x00000007abd80000,0x00000007abd80000,0x00000007ac000000)
  to   space 2560K, 0% used [0x00000007abb00000,0x00000007abb00000,0x00000007abd80000)
 ParOldGen       total 44032K, used 0K [0x0000000780000000, 0x0000000782b00000, 0x00000007aab00000)
  object space 44032K, 0% used [0x0000000780000000,0x0000000780000000,0x0000000782b00000)
 Metaspace       used 8338K, capacity 8455K, committed 8576K, reserved 1056768K
  class space    used 814K, capacity 888K, committed 896K, reserved 1048576K
Event: 2.247 GC heap after
Heap after GC invocations=1 (full 0):
 PSYoungGen      total 18944K, used 2543K [0x00000007aab00000, 0x00000007ac000000, 0x00000007c0000000)
  eden space 16384K, 0% used [0x00000007aab00000,0x00000007aab00000,0x00000007abb00000)
  from space 2560K, 99% used [0x00000007abb00000,0x00000007abd7bc18,0x00000007abd80000)
  to   space 2560K, 0% used [0x00000007abd80000,0x00000007abd80000,0x00000007ac000000)
 ParOldGen       total 44032K, used 930K [0x0000000780000000, 0x0000000782b00000, 0x00000007aab00000)
  object space 44032K, 2% used [0x0000000780000000,0x00000007800e8aa0,0x0000000782b00000)
 Metaspace       used 8338K, capacity 8455K, committed 8576K, reserved 1056768K
  class space    used 814K, capacity 888K, committed 896K, reserved 1048576K
}
Event: 2.833 GC heap before
{Heap before GC invocations=2 (full 0):
 PSYoungGen      total 18944K, used 18927K [0x00000007aab00000, 0x00000007ac000000, 0x00000007c0000000)
  eden space 16384K, 100% used [0x00000007aab00000,0x00000007abb00000,0x00000007abb00000)
  from space 2560K, 99% used [0x00000007abb00000,0x00000007abd7bc18,0x00000007abd80000)
  to   space 2560K, 0% used [0x00000007abd80000,0x00000007abd80000,0x00000007ac000000)
 ParOldGen       total 44032K, used 930K [0x0000000780000000, 0x0000000782b00000, 0x00000007aab00000)
  object space 44032K, 2% used [0x0000000780000000,0x00000007800e8aa0,0x0000000782b00000)
 Metaspace       used 8487K, capacity 8679K, committed 8960K, reserved 1056768K
  class space    used 828K, capacity 920K, committed 1024K, reserved 1048576K
Event: 2.842 GC heap after
Heap after GC invocations=2 (full 0):
 PSYoungGen      total 18944K, used 2537K [0x00000007aab00000, 0x00000007ac000000, 0x00000007c0000000)
  eden space 16384K, 0% used [0x00000007aab00000,0x00000007aab00000,0x00000007abb00000)
  from space 2560K, 99% used [0x00000007abd80000,0x00000007abffa7d0,0x00000007ac000000)
  to   space 2560K, 0% used [0x00000007abb00000,0x00000007abb00000,0x00000007abd80000)
 ParOldGen       total 44032K, used 4648K [0x0000000780000000, 0x0000000782b00000, 0x00000007aab00000)
  object space 44032K, 10% used [0x0000000780000000,0x000000078048a198,0x0000000782b00000)
 Metaspace       used 8487K, capacity 8679K, committed 8960K, reserved 1056768K
  class space    used 828K, capacity 920K, committed 1024K, reserved 1048576K
}

Deoptimization events (10 events):
Event: 2.469 Thread 0x00007ffd36a71000 Uncommon trap: reason=unstable_if action=reinterpret pc=0x0000000109fc2284 method=com.badlogic.gdx.assets.AssetManager.updateTask()Z @ 24
Event: 2.532 Thread 0x00007ffd36a71000 Uncommon trap: reason=unstable_if action=reinterpret pc=0x0000000109fc4070 method=com.badlogic.gdx.assets.AssetManager.updateTask()Z @ 24
Event: 2.752 Thread 0x00007ffd36a71000 Uncommon trap: reason=unstable_if action=reinterpret pc=0x0000000109fd1880 method=com.badlogic.gdx.assets.AssetLoadingTask.handleAsyncLoader()V @ 12
Event: 2.752 Thread 0x00007ffd36a71000 Uncommon trap: reason=unstable_if action=reinterpret pc=0x0000000109fc5338 method=com.badlogic.gdx.assets.AssetLoadingTask.handleAsyncLoader()V @ 12
Event: 2.752 Thread 0x00007ffd36a71000 Uncommon trap: reason=unstable_if action=reinterpret pc=0x0000000109fbeaa8 method=com.badlogic.gdx.assets.AssetLoadingTask.handleAsyncLoader()V @ 12
Event: 2.785 Thread 0x00007ffd361cb800 Uncommon trap: reason=null_check action=make_not_entrant pc=0x0000000109ff8fe8 method=com.badlogic.gdx.utils.ObjectMap.put_internal(Ljava/lang/Object;Ljava/lang/Object;)Ljava/lang/Object; @ 115
Event: 2.895 Thread 0x00007ffd36a71000 Uncommon trap: reason=unstable_if action=reinterpret pc=0x000000010a006650 method=com.badlogic.gdx.assets.AssetLoadingTask.handleAsyncLoader()V @ 230
Event: 2.895 Thread 0x00007ffd36a71000 Uncommon trap: reason=unstable_if action=reinterpret pc=0x0000000109fc89e4 method=com.badlogic.gdx.assets.AssetManager.update()Z @ 7
Event: 2.925 Thread 0x00007ffd36a71000 Uncommon trap: reason=unstable_if action=reinterpret pc=0x0000000109fc962c method=com.badlogic.gdx.assets.AssetManager.finishLoading()V @ 13
Event: 2.947 Thread 0x00007ffd36a71000 Uncommon trap: reason=bimorphic action=maybe_recompile pc=0x000000010a016294 method=com.badlogic.gdx.utils.ObjectMap.put_internal(Ljava/lang/Object;Ljava/lang/Object;)Ljava/lang/Object; @ 6

Internal exceptions (10 events):
Event: 1.183 Thread 0x00007ffd36804000 Exception <a 'java/io/FileNotFoundException'> (0x00000007ab088550) thrown at [/Users/java_re/workspace/8-2-build-macosx-x86_64/jdk8u102/7268/hotspot/src/share/vm/prims/jni.cpp, line 709]
Event: 1.206 Thread 0x00007ffd36804000 Exception <a 'java/security/PrivilegedActionException'> (0x00000007ab0a0b08) thrown at [/Users/java_re/workspace/8-2-build-macosx-x86_64/jdk8u102/7268/hotspot/src/share/vm/prims/jvm.cpp, line 1386]
Event: 1.206 Thread 0x00007ffd36804000 Exception <a 'java/security/PrivilegedActionException'> (0x00000007ab0a26f0) thrown at [/Users/java_re/workspace/8-2-build-macosx-x86_64/jdk8u102/7268/hotspot/src/share/vm/prims/jvm.cpp, line 1386]
Event: 1.206 Thread 0x00007ffd36804000 Exception <a 'java/security/PrivilegedActionException'> (0x00000007ab0a3810) thrown at [/Users/java_re/workspace/8-2-build-macosx-x86_64/jdk8u102/7268/hotspot/src/share/vm/prims/jvm.cpp, line 1386]
Event: 1.207 Thread 0x00007ffd36804000 Exception <a 'java/security/PrivilegedActionException'> (0x00000007ab0a8930) thrown at [/Users/java_re/workspace/8-2-build-macosx-x86_64/jdk8u102/7268/hotspot/src/share/vm/prims/jvm.cpp, line 1386]
Event: 1.207 Thread 0x00007ffd36804000 Exception <a 'java/security/PrivilegedActionException'> (0x00000007ab0a9588) thrown at [/Users/java_re/workspace/8-2-build-macosx-x86_64/jdk8u102/7268/hotspot/src/share/vm/prims/jvm.cpp, line 1386]
Event: 1.207 Thread 0x00007ffd36804000 Exception <a 'java/security/PrivilegedActionException'> (0x00000007ab0aa1b0) thrown at [/Users/java_re/workspace/8-2-build-macosx-x86_64/jdk8u102/7268/hotspot/src/share/vm/prims/jvm.cpp, line 1386]
Event: 2.307 Thread 0x00007ffd361cb800 Implicit null exception at 0x0000000109fa5b62 to 0x0000000109fa6271
Event: 2.338 Thread 0x00007ffd36a71000 Implicit null exception at 0x0000000109fbb0e3 to 0x0000000109fbb98d
Event: 2.785 Thread 0x00007ffd361cb800 Implicit null exception at 0x0000000109ff826a to 0x0000000109ff8fb9

Events (10 events):
Event: 85.626 Thread 0x00007ffd37b01000 Thread added: 0x00007ffd37b01000
Event: 85.757 Thread 0x00007ffd3702d800 Thread exited: 0x00007ffd3702d800
Event: 85.758 loading class sun/misc/Signal$1
Event: 85.759 loading class sun/misc/Signal$1 done
Event: 85.759 Thread 0x00007ffd3799f800 Thread added: 0x00007ffd3799f800
Event: 85.760 loading class java/util/IdentityHashMap$KeySet
Event: 85.760 loading class java/util/IdentityHashMap$KeySet done
Event: 85.761 loading class java/util/IdentityHashMap$KeyIterator
Event: 85.761 loading class java/util/IdentityHashMap$KeyIterator done
Event: 85.761 Thread 0x00007ffd37ac2000 Thread added: 0x00007ffd37ac2000


Dynamic libraries:
0x0000000005eb0000 	/System/Library/Frameworks/Cocoa.framework/Versions/A/Cocoa
0x0000000005eb0000 	/System/Library/Frameworks/Security.framework/Versions/A/Security
0x0000000005eb0000 	/System/Library/Frameworks/ApplicationServices.framework/Versions/A/ApplicationServices
0x0000000005eb0000 	/usr/lib/libz.1.dylib
0x0000000005eb0000 	/usr/lib/libSystem.B.dylib
0x0000000005eb0000 	/usr/lib/libobjc.A.dylib
0x0000000005eb0000 	/System/Library/Frameworks/CoreFoundation.framework/Versions/A/CoreFoundation
0x0000000005eb0000 	/System/Library/Frameworks/Foundation.framework/Versions/C/Foundation
0x0000000005eb0000 	/System/Library/Frameworks/AppKit.framework/Versions/C/AppKit
0x0000000005eb0000 	/System/Library/Frameworks/CoreData.framework/Versions/A/CoreData
0x0000000005eb0000 	/System/Library/PrivateFrameworks/RemoteViewServices.framework/Versions/A/RemoteViewServices
0x0000000005eb0000 	/System/Library/PrivateFrameworks/UIFoundation.framework/Versions/A/UIFoundation
0x0000000005eb0000 	/System/Library/PrivateFrameworks/DFRFoundation.framework/Versions/A/DFRFoundation
0x0000000005eb0000 	/System/Library/Frameworks/Metal.framework/Versions/A/Metal
0x0000000005eb0000 	/System/Library/PrivateFrameworks/DesktopServicesPriv.framework/Versions/A/DesktopServicesPriv
0x0000000005eb0000 	/usr/lib/libenergytrace.dylib
0x0000000005eb0000 	/System/Library/PrivateFrameworks/SkyLight.framework/Versions/A/SkyLight
0x0000000005eb0000 	/System/Library/Frameworks/CoreGraphics.framework/Versions/A/CoreGraphics
0x0000000005eb0000 	/usr/lib/libScreenReader.dylib
0x0000000005eb0000 	/System/Library/Frameworks/Accelerate.framework/Versions/A/Accelerate
0x0000000005eb0000 	/System/Library/Frameworks/IOSurface.framework/Versions/A/IOSurface
0x0000000005eb0000 	/System/Library/Frameworks/AudioToolbox.framework/Versions/A/AudioToolbox
0x0000000005eb0000 	/System/Library/Frameworks/AudioUnit.framework/Versions/A/AudioUnit
0x0000000005eb0000 	/System/Library/PrivateFrameworks/DataDetectorsCore.framework/Versions/A/DataDetectorsCore
0x0000000005eb0000 	/System/Library/Frameworks/Carbon.framework/Versions/A/Frameworks/HIToolbox.framework/Versions/A/HIToolbox
0x0000000005eb0000 	/usr/lib/libicucore.A.dylib
0x0000000005eb0000 	/System/Library/Frameworks/QuartzCore.framework/Versions/A/QuartzCore
0x0000000005eb0000 	/System/Library/Frameworks/Carbon.framework/Versions/A/Frameworks/SpeechRecognition.framework/Versions/A/SpeechRecognition
0x0000000005eb0000 	/usr/lib/libauto.dylib
0x0000000005eb0000 	/usr/lib/libxml2.2.dylib
0x0000000005eb0000 	/System/Library/PrivateFrameworks/CoreUI.framework/Versions/A/CoreUI
0x0000000005eb0000 	/System/Library/Frameworks/CoreAudio.framework/Versions/A/CoreAudio
0x0000000005eb0000 	/System/Library/Frameworks/DiskArbitration.framework/Versions/A/DiskArbitration
0x0000000005eb0000 	/usr/lib/liblangid.dylib
0x0000000005eb0000 	/System/Library/PrivateFrameworks/MultitouchSupport.framework/Versions/A/MultitouchSupport
0x0000000005eb0000 	/System/Library/Frameworks/IOKit.framework/Versions/A/IOKit
0x0000000005eb0000 	/usr/lib/libDiagnosticMessagesClient.dylib
0x0000000005eb0000 	/System/Library/Frameworks/CoreServices.framework/Versions/A/CoreServices
0x0000000005eb0000 	/System/Library/PrivateFrameworks/PerformanceAnalysis.framework/Versions/A/PerformanceAnalysis
0x0000000005eb0000 	/System/Library/Frameworks/OpenGL.framework/Versions/A/OpenGL
0x0000000005eb0000 	/System/Library/Frameworks/ColorSync.framework/Versions/A/ColorSync
0x0000000005eb0000 	/System/Library/Frameworks/CoreImage.framework/Versions/A/CoreImage
0x0000000005eb0000 	/System/Library/Frameworks/CoreText.framework/Versions/A/CoreText
0x0000000005eb0000 	/System/Library/Frameworks/ImageIO.framework/Versions/A/ImageIO
0x0000000005eb0000 	/System/Library/PrivateFrameworks/Backup.framework/Versions/A/Backup
0x0000000005eb0000 	/usr/lib/libarchive.2.dylib
0x0000000005eb0000 	/System/Library/Frameworks/CFNetwork.framework/Versions/A/CFNetwork
0x0000000005eb0000 	/System/Library/Frameworks/SystemConfiguration.framework/Versions/A/SystemConfiguration
0x0000000005eb0000 	/usr/lib/libCRFSuite.dylib
0x0000000005eb0000 	/usr/lib/libc++.1.dylib
0x0000000005eb0000 	/usr/lib/libc++abi.dylib
0x0000000005eb0000 	/usr/lib/system/libcache.dylib
0x0000000005eb0000 	/usr/lib/system/libcommonCrypto.dylib
0x0000000005eb0000 	/usr/lib/system/libcompiler_rt.dylib
0x0000000005eb0000 	/usr/lib/system/libcopyfile.dylib
0x0000000005eb0000 	/usr/lib/system/libcorecrypto.dylib
0x0000000005eb0000 	/usr/lib/system/libdispatch.dylib
0x0000000005eb0000 	/usr/lib/system/libdyld.dylib
0x0000000005eb0000 	/usr/lib/system/libkeymgr.dylib
0x0000000005eb0000 	/usr/lib/system/liblaunch.dylib
0x0000000005eb0000 	/usr/lib/system/libmacho.dylib
0x0000000005eb0000 	/usr/lib/system/libquarantine.dylib
0x0000000005eb0000 	/usr/lib/system/libremovefile.dylib
0x0000000005eb0000 	/usr/lib/system/libsystem_asl.dylib
0x0000000005eb0000 	/usr/lib/system/libsystem_blocks.dylib
0x0000000005eb0000 	/usr/lib/system/libsystem_c.dylib
0x0000000005eb0000 	/usr/lib/system/libsystem_configuration.dylib
0x0000000005eb0000 	/usr/lib/system/libsystem_coreservices.dylib
0x0000000005eb0000 	/usr/lib/system/libsystem_darwin.dylib
0x0000000005eb0000 	/usr/lib/system/libsystem_dnssd.dylib
0x0000000005eb0000 	/usr/lib/system/libsystem_info.dylib
0x0000000005eb0000 	/usr/lib/system/libsystem_m.dylib
0x0000000005eb0000 	/usr/lib/system/libsystem_malloc.dylib
0x0000000005eb0000 	/usr/lib/system/libsystem_network.dylib
0x0000000005eb0000 	/usr/lib/system/libsystem_networkextension.dylib
0x0000000005eb0000 	/usr/lib/system/libsystem_notify.dylib
0x0000000005eb0000 	/usr/lib/system/libsystem_sandbox.dylib
0x0000000005eb0000 	/usr/lib/system/libsystem_secinit.dylib
0x0000000005eb0000 	/usr/lib/system/libsystem_kernel.dylib
0x0000000005eb0000 	/usr/lib/system/libsystem_platform.dylib
0x0000000005eb0000 	/usr/lib/system/libsystem_pthread.dylib
0x0000000005eb0000 	/usr/lib/system/libsystem_symptoms.dylib
0x0000000005eb0000 	/usr/lib/system/libsystem_trace.dylib
0x0000000005eb0000 	/usr/lib/system/libunwind.dylib
0x0000000005eb0000 	/usr/lib/system/libxpc.dylib
0x0000000005eb0000 	/usr/lib/closure/libclosured.dylib
0x0000000005eb0000 	/usr/lib/libbsm.0.dylib
0x0000000005eb0000 	/usr/lib/system/libkxld.dylib
0x0000000005eb0000 	/usr/lib/libOpenScriptingUtil.dylib
0x0000000005eb0000 	/usr/lib/libcoretls.dylib
0x0000000005eb0000 	/usr/lib/libcoretls_cfhelpers.dylib
0x0000000005eb0000 	/usr/lib/libpam.2.dylib
0x0000000005eb0000 	/usr/lib/libsqlite3.dylib
0x0000000005eb0000 	/usr/lib/libxar.1.dylib
0x0000000005eb0000 	/usr/lib/libbz2.1.0.dylib
0x0000000005eb0000 	/usr/lib/liblzma.5.dylib
0x0000000005eb0000 	/usr/lib/libnetwork.dylib
0x0000000005eb0000 	/usr/lib/libapple_nghttp2.dylib
0x0000000005eb0000 	/usr/lib/libpcap.A.dylib
0x0000000005eb0000 	/usr/lib/libboringssl.dylib
0x0000000005eb0000 	/usr/lib/libusrtcp.dylib
0x0000000005eb0000 	/usr/lib/libapple_crypto.dylib
0x0000000005eb0000 	/System/Library/Frameworks/CoreServices.framework/Versions/A/Frameworks/FSEvents.framework/Versions/A/FSEvents
0x0000000005eb0000 	/System/Library/Frameworks/CoreServices.framework/Versions/A/Frameworks/CarbonCore.framework/Versions/A/CarbonCore
0x0000000005eb0000 	/System/Library/Frameworks/CoreServices.framework/Versions/A/Frameworks/Metadata.framework/Versions/A/Metadata
0x0000000005eb0000 	/System/Library/Frameworks/CoreServices.framework/Versions/A/Frameworks/OSServices.framework/Versions/A/OSServices
0x0000000005eb0000 	/System/Library/Frameworks/CoreServices.framework/Versions/A/Frameworks/SearchKit.framework/Versions/A/SearchKit
0x0000000005eb0000 	/System/Library/Frameworks/CoreServices.framework/Versions/A/Frameworks/AE.framework/Versions/A/AE
0x0000000005eb0000 	/System/Library/Frameworks/CoreServices.framework/Versions/A/Frameworks/LaunchServices.framework/Versions/A/LaunchServices
0x0000000005eb0000 	/System/Library/Frameworks/CoreServices.framework/Versions/A/Frameworks/DictionaryServices.framework/Versions/A/DictionaryServices
0x0000000005eb0000 	/System/Library/Frameworks/CoreServices.framework/Versions/A/Frameworks/SharedFileList.framework/Versions/A/SharedFileList
0x0000000005eb0000 	/System/Library/Frameworks/NetFS.framework/Versions/A/NetFS
0x0000000005eb0000 	/System/Library/PrivateFrameworks/NetAuth.framework/Versions/A/NetAuth
0x0000000005eb0000 	/System/Library/PrivateFrameworks/login.framework/Versions/A/Frameworks/loginsupport.framework/Versions/A/loginsupport
0x0000000005eb0000 	/System/Library/PrivateFrameworks/TCC.framework/Versions/A/TCC
0x0000000005eb0000 	/usr/lib/libmecabra.dylib
0x0000000005eb0000 	/System/Library/Frameworks/ApplicationServices.framework/Versions/A/Frameworks/ATS.framework/Versions/A/ATS
0x0000000005eb0000 	/System/Library/Frameworks/ApplicationServices.framework/Versions/A/Frameworks/ColorSyncLegacy.framework/Versions/A/ColorSyncLegacy
0x0000000005eb0000 	/System/Library/Frameworks/ApplicationServices.framework/Versions/A/Frameworks/HIServices.framework/Versions/A/HIServices
0x0000000005eb0000 	/System/Library/Frameworks/ApplicationServices.framework/Versions/A/Frameworks/LangAnalysis.framework/Versions/A/LangAnalysis
0x0000000005eb0000 	/System/Library/Frameworks/ApplicationServices.framework/Versions/A/Frameworks/PrintCore.framework/Versions/A/PrintCore
0x0000000005eb0000 	/System/Library/Frameworks/ApplicationServices.framework/Versions/A/Frameworks/QD.framework/Versions/A/QD
0x0000000005eb0000 	/System/Library/Frameworks/ApplicationServices.framework/Versions/A/Frameworks/SpeechSynthesis.framework/Versions/A/SpeechSynthesis
0x0000000005eb0000 	/System/Library/Frameworks/CoreDisplay.framework/Versions/A/CoreDisplay
0x0000000005eb0000 	/System/Library/Frameworks/Accelerate.framework/Versions/A/Frameworks/vImage.framework/Versions/A/vImage
0x0000000005eb0000 	/System/Library/Frameworks/Accelerate.framework/Versions/A/Frameworks/vecLib.framework/Versions/A/vecLib
0x0000000005eb0000 	/System/Library/Frameworks/Accelerate.framework/Versions/A/Frameworks/vecLib.framework/Versions/A/libvDSP.dylib
0x0000000005eb0000 	/System/Library/Frameworks/Accelerate.framework/Versions/A/Frameworks/vecLib.framework/Versions/A/libBNNS.dylib
0x0000000005eb0000 	/System/Library/Frameworks/Accelerate.framework/Versions/A/Frameworks/vecLib.framework/Versions/A/libQuadrature.dylib
0x0000000005eb0000 	/System/Library/Frameworks/Accelerate.framework/Versions/A/Frameworks/vecLib.framework/Versions/A/libvMisc.dylib
0x0000000005eb0000 	/System/Library/Frameworks/Accelerate.framework/Versions/A/Frameworks/vecLib.framework/Versions/A/libLAPACK.dylib
0x0000000005eb0000 	/System/Library/Frameworks/Accelerate.framework/Versions/A/Frameworks/vecLib.framework/Versions/A/libBLAS.dylib
0x0000000005eb0000 	/System/Library/Frameworks/Accelerate.framework/Versions/A/Frameworks/vecLib.framework/Versions/A/libLinearAlgebra.dylib
0x0000000005eb0000 	/System/Library/Frameworks/Accelerate.framework/Versions/A/Frameworks/vecLib.framework/Versions/A/libSparse.dylib
0x0000000005eb0000 	/System/Library/Frameworks/Accelerate.framework/Versions/A/Frameworks/vecLib.framework/Versions/A/libSparseBLAS.dylib
0x0000000005eb0000 	/System/Library/PrivateFrameworks/IOAccelerator.framework/Versions/A/IOAccelerator
0x0000000005eb0000 	/System/Library/PrivateFrameworks/IOPresentment.framework/Versions/A/IOPresentment
0x0000000005eb0000 	/System/Library/PrivateFrameworks/DSExternalDisplay.framework/Versions/A/DSExternalDisplay
0x0000000005eb0000 	/System/Library/Frameworks/OpenGL.framework/Versions/A/Libraries/libCoreFSCache.dylib
0x0000000005eb0000 	/System/Library/Frameworks/CoreVideo.framework/Versions/A/CoreVideo
0x0000000005eb0000 	/System/Library/PrivateFrameworks/GraphVisualizer.framework/Versions/A/GraphVisualizer
0x0000000005eb0000 	/System/Library/Frameworks/MetalPerformanceShaders.framework/Versions/A/MetalPerformanceShaders
0x0000000005eb0000 	/usr/lib/libFosl_dynamic.dylib
0x0000000005eb0000 	/System/Library/PrivateFrameworks/FaceCore.framework/Versions/A/FaceCore
0x0000000005eb0000 	/System/Library/Frameworks/OpenCL.framework/Versions/A/OpenCL
0x0000000005eb0000 	/usr/lib/libcompression.dylib
0x0000000005eb0000 	/System/Library/Frameworks/ApplicationServices.framework/Versions/A/Frameworks/ATS.framework/Versions/A/Resources/libFontParser.dylib
0x0000000005eb0000 	/System/Library/Frameworks/ApplicationServices.framework/Versions/A/Frameworks/ATS.framework/Versions/A/Resources/libFontRegistry.dylib
0x0000000005eb0000 	/System/Library/Frameworks/ImageIO.framework/Versions/A/Resources/libJPEG.dylib
0x0000000005eb0000 	/System/Library/Frameworks/ImageIO.framework/Versions/A/Resources/libTIFF.dylib
0x0000000005eb0000 	/System/Library/Frameworks/ImageIO.framework/Versions/A/Resources/libPng.dylib
0x0000000005eb0000 	/System/Library/Frameworks/ImageIO.framework/Versions/A/Resources/libGIF.dylib
0x0000000005eb0000 	/System/Library/Frameworks/ImageIO.framework/Versions/A/Resources/libJP2.dylib
0x0000000005eb0000 	/System/Library/Frameworks/ImageIO.framework/Versions/A/Resources/libRadiance.dylib
0x0000000005eb0000 	/System/Library/PrivateFrameworks/AppleJPEG.framework/Versions/A/AppleJPEG
0x0000000005eb0000 	/System/Library/PrivateFrameworks/MetalTools.framework/Versions/A/MetalTools
0x0000000005eb0000 	/System/Library/Frameworks/MetalPerformanceShaders.framework/Frameworks/MPSCore.framework/Versions/A/MPSCore
0x0000000005eb0000 	/System/Library/Frameworks/MetalPerformanceShaders.framework/Frameworks/MPSImage.framework/Versions/A/MPSImage
0x0000000005eb0000 	/System/Library/Frameworks/MetalPerformanceShaders.framework/Frameworks/MPSMatrix.framework/Versions/A/MPSMatrix
0x0000000005eb0000 	/System/Library/Frameworks/MetalPerformanceShaders.framework/Frameworks/MPSNeuralNetwork.framework/Versions/A/MPSNeuralNetwork
0x0000000005eb0000 	/System/Library/Frameworks/OpenGL.framework/Versions/A/Libraries/libGLU.dylib
0x0000000005eb0000 	/System/Library/Frameworks/OpenGL.framework/Versions/A/Libraries/libGFXShared.dylib
0x0000000005eb0000 	/System/Library/Frameworks/OpenGL.framework/Versions/A/Libraries/libGL.dylib
0x0000000005eb0000 	/System/Library/Frameworks/OpenGL.framework/Versions/A/Libraries/libGLImage.dylib
0x0000000005eb0000 	/System/Library/Frameworks/OpenGL.framework/Versions/A/Libraries/libCVMSPluginSupport.dylib
0x0000000005eb0000 	/System/Library/Frameworks/OpenGL.framework/Versions/A/Libraries/libCoreVMClient.dylib
0x0000000005eb0000 	/usr/lib/libcups.2.dylib
0x0000000005eb0000 	/System/Library/Frameworks/Kerberos.framework/Versions/A/Kerberos
0x0000000005eb0000 	/System/Library/Frameworks/GSS.framework/Versions/A/GSS
0x0000000005eb0000 	/usr/lib/libresolv.9.dylib
0x0000000005eb0000 	/usr/lib/libiconv.2.dylib
0x0000000005eb0000 	/System/Library/PrivateFrameworks/Heimdal.framework/Versions/A/Heimdal
0x0000000005eb0000 	/usr/lib/libheimdal-asn1.dylib
0x0000000005eb0000 	/System/Library/Frameworks/OpenDirectory.framework/Versions/A/OpenDirectory
0x0000000005eb0000 	/System/Library/PrivateFrameworks/CommonAuth.framework/Versions/A/CommonAuth
0x0000000005eb0000 	/System/Library/Frameworks/OpenDirectory.framework/Versions/A/Frameworks/CFOpenDirectory.framework/Versions/A/CFOpenDirectory
0x0000000005eb0000 	/System/Library/Frameworks/SecurityFoundation.framework/Versions/A/SecurityFoundation
0x0000000005eb0000 	/System/Library/PrivateFrameworks/APFS.framework/Versions/A/APFS
0x0000000005eb0000 	/usr/lib/libutil.dylib
0x0000000005eb0000 	/System/Library/PrivateFrameworks/AppleSauce.framework/Versions/A/AppleSauce
0x0000000005eb0000 	/System/Library/PrivateFrameworks/LinguisticData.framework/Versions/A/LinguisticData
0x0000000005eb0000 	/usr/lib/libmarisa.dylib
0x0000000005eb0000 	/System/Library/PrivateFrameworks/Lexicon.framework/Versions/A/Lexicon
0x0000000005eb0000 	/usr/lib/libChineseTokenizer.dylib
0x0000000005eb0000 	/usr/lib/libcmph.dylib
0x0000000005eb0000 	/System/Library/PrivateFrameworks/LanguageModeling.framework/Versions/A/LanguageModeling
0x0000000005eb0000 	/System/Library/PrivateFrameworks/CoreEmoji.framework/Versions/A/CoreEmoji
0x0000000005eb0000 	/System/Library/Frameworks/ServiceManagement.framework/Versions/A/ServiceManagement
0x0000000005eb0000 	/System/Library/PrivateFrameworks/BackgroundTaskManagement.framework/Versions/A/BackgroundTaskManagement
0x0000000005eb0000 	/usr/lib/libxslt.1.dylib
0x0000000005eb0000 	/System/Library/Frameworks/Carbon.framework/Versions/A/Frameworks/Ink.framework/Versions/A/Ink
0x0000000005eb0000 	/System/Library/PrivateFrameworks/TextureIO.framework/Versions/A/TextureIO
0x0000000005eb0000 	/usr/lib/libate.dylib
0x0000000005eb0000 	/System/Library/PrivateFrameworks/CrashReporterSupport.framework/Versions/A/CrashReporterSupport
0x0000000005eb0000 	/System/Library/PrivateFrameworks/Sharing.framework/Versions/A/Sharing
0x0000000005eb0000 	/System/Library/PrivateFrameworks/IconServices.framework/Versions/A/IconServices
0x0000000005eb0000 	/System/Library/PrivateFrameworks/ProtocolBuffer.framework/Versions/A/ProtocolBuffer
0x0000000005eb0000 	/System/Library/PrivateFrameworks/Apple80211.framework/Versions/A/Apple80211
0x0000000005eb0000 	/System/Library/Frameworks/CoreWLAN.framework/Versions/A/CoreWLAN
0x0000000005eb0000 	/System/Library/PrivateFrameworks/CoreUtils.framework/Versions/A/CoreUtils
0x0000000005eb0000 	/System/Library/Frameworks/IOBluetooth.framework/Versions/A/IOBluetooth
0x0000000005eb0000 	/System/Library/PrivateFrameworks/CoreWiFi.framework/Versions/A/CoreWiFi
0x0000000005eb0000 	/System/Library/Frameworks/CoreBluetooth.framework/Versions/A/CoreBluetooth
0x0000000005eb0000 	/System/Library/PrivateFrameworks/SignpostNotification.framework/Versions/A/SignpostNotification
0x0000000005eb0000 	/System/Library/PrivateFrameworks/DebugSymbols.framework/Versions/A/DebugSymbols
0x0000000005eb0000 	/System/Library/PrivateFrameworks/CoreSymbolication.framework/Versions/A/CoreSymbolication
0x0000000005eb0000 	/System/Library/PrivateFrameworks/Symbolication.framework/Versions/A/Symbolication
0x0000000005eb0000 	/System/Library/PrivateFrameworks/AppleFSCompression.framework/Versions/A/AppleFSCompression
0x0000000005eb0000 	/System/Library/PrivateFrameworks/SpeechRecognitionCore.framework/Versions/A/SpeechRecognitionCore
0x0000000108d22000 	/Library/Java/JavaVirtualMachines/jdk1.8.0_102.jdk/Contents/Home/jre/lib/server/libjvm.dylib
0x0000000005eb0000 	/usr/lib/libstdc++.6.0.9.dylib
0x0000000107f24000 	/Library/Java/JavaVirtualMachines/jdk1.8.0_102.jdk/Contents/Home/jre/lib/libverify.dylib
0x0000000107f32000 	/Library/Java/JavaVirtualMachines/jdk1.8.0_102.jdk/Contents/Home/jre/lib/libjava.dylib
0x0000000107f68000 	/Library/Java/JavaVirtualMachines/jdk1.8.0_102.jdk/Contents/Home/jre/lib/libjdwp.dylib
0x0000000107fb3000 	/Library/Java/JavaVirtualMachines/jdk1.8.0_102.jdk/Contents/Home/jre/lib/libnpt.dylib
0x0000000108800000 	/Library/Java/JavaVirtualMachines/jdk1.8.0_102.jdk/Contents/Home/jre/lib/libzip.dylib
0x0000000005eb0000 	/System/Library/Frameworks/JavaVM.framework/Versions/A/Frameworks/JavaRuntimeSupport.framework/Versions/A/JavaRuntimeSupport
0x0000000005eb0000 	/System/Library/Frameworks/JavaVM.framework/Versions/A/Frameworks/JavaNativeFoundation.framework/Versions/A/JavaNativeFoundation
0x0000000005eb0000 	/System/Library/Frameworks/JavaVM.framework/Versions/A/JavaVM
0x0000000005eb0000 	/System/Library/Frameworks/Carbon.framework/Versions/A/Carbon
0x0000000005eb0000 	/System/Library/PrivateFrameworks/JavaLaunching.framework/Versions/A/JavaLaunching
0x0000000005eb0000 	/System/Library/Frameworks/Carbon.framework/Versions/A/Frameworks/CommonPanels.framework/Versions/A/CommonPanels
0x0000000005eb0000 	/System/Library/Frameworks/Carbon.framework/Versions/A/Frameworks/Help.framework/Versions/A/Help
0x0000000005eb0000 	/System/Library/Frameworks/Carbon.framework/Versions/A/Frameworks/ImageCapture.framework/Versions/A/ImageCapture
0x0000000005eb0000 	/System/Library/Frameworks/Carbon.framework/Versions/A/Frameworks/OpenScripting.framework/Versions/A/OpenScripting
0x0000000005eb0000 	/System/Library/Frameworks/Carbon.framework/Versions/A/Frameworks/Print.framework/Versions/A/Print
0x0000000005eb0000 	/System/Library/Frameworks/Carbon.framework/Versions/A/Frameworks/SecurityHI.framework/Versions/A/SecurityHI
0x000000011e60f000 	/Library/Java/JavaVirtualMachines/jdk1.8.0_102.jdk/Contents/Home/jre/lib/libdt_socket.dylib
0x000000011e695000 	/private/var/folders/33/737l57l175x_n9vtcf5_1hpr0000gn/T/libgdxnhattran/25a8e9fb/libgdx64.dylib
0x000000011e6df000 	/Library/Java/JavaVirtualMachines/jdk1.8.0_102.jdk/Contents/Home/jre/lib/libawt.dylib
0x000000011e787000 	/Library/Java/JavaVirtualMachines/jdk1.8.0_102.jdk/Contents/Home/jre/lib/./libmlib_image.dylib
0x000000011e853000 	/Library/Java/JavaVirtualMachines/jdk1.8.0_102.jdk/Contents/Home/jre/lib/libawt_lwawt.dylib
0x000000011e908000 	/Library/Java/JavaVirtualMachines/jdk1.8.0_102.jdk/Contents/Home/jre/lib/./libosxapp.dylib
0x0000000005eb0000 	/System/Library/Frameworks/ExceptionHandling.framework/Versions/A/ExceptionHandling
0x0000000005eb0000 	/System/Library/PrivateFrameworks/CoreServicesInternal.framework/Versions/A/CoreServicesInternal
0x0000000005eb0000 	/System/Library/CoreServices/RawCamera.bundle/Contents/MacOS/RawCamera
0x0000000005eb0000 	/System/Library/PrivateFrameworks/MobileAsset.framework/Versions/A/MobileAsset
0x0000000005eb0000 	/System/Library/PrivateFrameworks/StreamingZip.framework/Versions/A/StreamingZip
0x0000000005eb0000 	/System/Library/Frameworks/MediaToolbox.framework/Versions/A/MediaToolbox
0x0000000005eb0000 	/System/Library/PrivateFrameworks/CoreAVCHD.framework/Versions/A/CoreAVCHD
0x0000000005eb0000 	/System/Library/Frameworks/MediaAccessibility.framework/Versions/A/MediaAccessibility
0x0000000005eb0000 	/System/Library/PrivateFrameworks/Mangrove.framework/Versions/A/Mangrove
0x0000000005eb0000 	/System/Library/Frameworks/CoreMedia.framework/Versions/A/CoreMedia
0x0000000005eb0000 	/System/Library/Frameworks/VideoToolbox.framework/Versions/A/VideoToolbox
0x0000000005eb0000 	/System/Library/PrivateFrameworks/CoreAUC.framework/Versions/A/CoreAUC
0x0000000005eb0000 	/usr/lib/libspindump.dylib
0x0000000005eb0000 	/usr/lib/libdscsym.dylib
0x0000000005eb0000 	/System/Library/PrivateFrameworks/AppleVA.framework/Versions/A/AppleVA
0x0000000005eb0000 	/System/Library/Frameworks/Accelerate.framework/Versions/A/Frameworks/vImage.framework/Versions/A/Libraries/libCGInterfaces.dylib
0x0000000005eb0000 	/System/Library/Frameworks/ApplicationServices.framework/Versions/A/Frameworks/ATS.framework/Versions/A/Resources/libTrueTypeScaler.dylib
0x0000000005eb0000 	/System/Library/Frameworks/OpenGL.framework/Versions/A/Resources/GLEngine.bundle/GLEngine
0x0000000005eb0000 	/System/Library/Frameworks/OpenGL.framework/Versions/A/Libraries/libGLProgrammability.dylib
0x0000000120a4a000 	/System/Library/Extensions/AppleIntelHD5000GraphicsGLDriver.bundle/Contents/MacOS/AppleIntelHD5000GraphicsGLDriver
0x0000000005eb0000 	/System/Library/PrivateFrameworks/GPUSupport.framework/Versions/A/Libraries/libGPUSupportMercury.dylib
0x0000000005eb0000 	/System/Library/Frameworks/OpenGL.framework/Versions/A/Resources/GLRendererFloat.bundle/GLRendererFloat
0x0000000005eb0000 	/System/Library/Frameworks/OpenCL.framework/Versions/A/Libraries/libcldcpuengine.dylib
0x0000000005eb0000 	/usr/lib/libcrypto.35.dylib
0x0000000005eb0000 	/System/Library/PrivateFrameworks/TrustEvaluationAgent.framework/Versions/A/TrustEvaluationAgent
0x0000000005eb0000 	/System/Library/Extensions/AppleIntelHD5000GraphicsMTLDriver.bundle/Contents/MacOS/AppleIntelHD5000GraphicsMTLDriver
0x0000000005eb0000 	/System/Library/PrivateFrameworks/GPUCompiler.framework/Versions/3802/Libraries/libmetal_timestamp.dylib
0x0000000005eb0000 	/System/Library/PrivateFrameworks/FamilyControls.framework/Versions/A/FamilyControls
0x0000000005eb0000 	/System/Library/PrivateFrameworks/CommerceKit.framework/Versions/A/Frameworks/CommerceCore.framework/Versions/A/CommerceCore
0x0000000005eb0000 	/System/Library/PrivateFrameworks/SystemAdministration.framework/Versions/A/SystemAdministration
0x0000000005eb0000 	/System/Library/PrivateFrameworks/AppContainer.framework/Versions/A/AppContainer
0x0000000005eb0000 	/System/Library/PrivateFrameworks/SecCodeWrapper.framework/Versions/A/SecCodeWrapper
0x0000000005eb0000 	/System/Library/PrivateFrameworks/DiskManagement.framework/Versions/A/DiskManagement
0x0000000005eb0000 	/System/Library/Frameworks/DirectoryService.framework/Versions/A/DirectoryService
0x0000000005eb0000 	/System/Library/PrivateFrameworks/DiskImages.framework/Versions/A/DiskImages
0x0000000005eb0000 	/System/Library/PrivateFrameworks/LoginUIKit.framework/Versions/A/Frameworks/LoginUICore.framework/Versions/A/LoginUICore
0x0000000005eb0000 	/usr/lib/libCoreStorage.dylib
0x0000000005eb0000 	/usr/lib/libcsfde.dylib
0x0000000005eb0000 	/usr/lib/libodfde.dylib
0x0000000005eb0000 	/System/Library/PrivateFrameworks/MediaKit.framework/Versions/A/MediaKit
0x0000000005eb0000 	/System/Library/Frameworks/DiscRecording.framework/Versions/A/DiscRecording
0x0000000005eb0000 	/System/Library/PrivateFrameworks/EFILogin.framework/Versions/A/EFILogin
0x0000000005eb0000 	/System/Library/PrivateFrameworks/ProtectedCloudStorage.framework/Versions/A/ProtectedCloudStorage
0x0000000005eb0000 	/usr/lib/libcurl.4.dylib
0x0000000005eb0000 	/usr/lib/libssl.35.dylib
0x0000000005eb0000 	/System/Library/Frameworks/LDAP.framework/Versions/A/LDAP
0x0000000005eb0000 	/usr/lib/libsasl2.2.dylib
0x0000000005eb0000 	/System/Library/PrivateFrameworks/CoreDaemon.framework/Versions/B/CoreDaemon
0x0000000005eb0000 	/System/Library/PrivateFrameworks/AppleSRP.framework/Versions/A/AppleSRP
0x00000001214b1000 	/Library/Java/JavaVirtualMachines/jdk1.8.0_102.jdk/Contents/Home/jre/lib/libfontmanager.dylib
0x0000000121518000 	/private/var/folders/33/737l57l175x_n9vtcf5_1hpr0000gn/T/libgdxnhattran/f7649394/liblwjgl.dylib
0x000000011fb22000 	/Library/Java/JavaVirtualMachines/jdk1.8.0_102.jdk/Contents/Home/jre/lib/libjawt.dylib
0x000000012159a000 	/var/folders/33/737l57l175x_n9vtcf5_1hpr0000gn/T/libgdxnhattran/f7649394/openal.dylib
0x0000000121609000 	/System/Library/Components/CoreAudio.component/Contents/MacOS/CoreAudio
0x0000000120391000 	/System/Library/Extensions/AppleHDA.kext/Contents/PlugIns/AppleHDAHALPlugIn.bundle/Contents/MacOS/AppleHDAHALPlugIn
0x0000000005eb0000 	/System/Library/PrivateFrameworks/ViewBridge.framework/Versions/A/ViewBridge
0x0000000120472000 	/private/var/folders/33/737l57l175x_n9vtcf5_1hpr0000gn/T/libgdxnhattran/d1927f43/libgdx-freetype64.dylib
